TN:
SF:src/core/permission-manager.ts
FN:3,(anonymous_0)
FN:24,(anonymous_1)
FN:31,(anonymous_2)
FN:54,(anonymous_3)
FN:82,(anonymous_4)
FN:101,(anonymous_5)
FN:114,(anonymous_6)
FN:130,(anonymous_7)
FN:142,(anonymous_8)
FN:149,(anonymous_9)
FN:164,(anonymous_10)
FN:179,(anonymous_11)
FN:189,(anonymous_12)
FN:196,(anonymous_13)
FNF:14
FNH:14
FNDA:2,(anonymous_0)
FNDA:14,(anonymous_1)
FNDA:14,(anonymous_2)
FNDA:24,(anonymous_3)
FNDA:3,(anonymous_4)
FNDA:4,(anonymous_5)
FNDA:5,(anonymous_6)
FNDA:2,(anonymous_7)
FNDA:2,(anonymous_8)
FNDA:1,(anonymous_9)
FNDA:15,(anonymous_10)
FNDA:5,(anonymous_11)
FNDA:5,(anonymous_12)
FNDA:1,(anonymous_13)
DA:3,2
DA:4,2
DA:5,2
DA:6,2
DA:21,2
DA:22,14
DA:25,14
DA:33,14
DA:39,14
DA:45,14
DA:56,24
DA:57,6
DA:60,18
DA:61,18
DA:62,1
DA:66,17
DA:67,4
DA:71,13
DA:72,6
DA:73,6
DA:76,7
DA:83,3
DA:86,3
DA:87,0
DA:90,3
DA:91,3
DA:92,0
DA:96,3
DA:99,3
DA:100,3
DA:101,3
DA:102,4
DA:103,2
DA:108,3
DA:115,5
DA:116,5
DA:117,0
DA:120,5
DA:121,4
DA:124,5
DA:131,2
DA:132,2
DA:133,0
DA:136,2
DA:143,2
DA:150,1
DA:151,1
DA:152,0
DA:155,1
DA:166,15
DA:167,0
DA:170,15
DA:172,3
DA:175,6
DA:179,5
DA:182,1
DA:190,5
DA:197,1
LF:58
LH:52
BRDA:3,0,0,2
BRDA:3,0,1,2
BRDA:56,1,0,6
BRDA:61,2,0,1
BRDA:66,3,0,4
BRDA:71,4,0,6
BRDA:71,5,0,13
BRDA:71,5,1,8
BRDA:86,6,0,0
BRDA:91,7,0,0
BRDA:99,8,0,3
BRDA:99,9,0,3
BRDA:99,9,1,3
BRDA:102,10,0,2
BRDA:116,11,0,0
BRDA:120,12,0,4
BRDA:132,13,0,0
BRDA:132,14,0,2
BRDA:132,14,1,2
BRDA:151,15,0,0
BRDA:166,16,0,0
BRDA:170,17,0,3
BRDA:170,17,1,6
BRDA:170,17,2,5
BRDA:170,17,3,1
BRF:25
BRH:19
end_of_record
TN:
SF:src/core/room-manager.ts
FN:37,(anonymous_0)
FN:45,(anonymous_1)
FN:72,(anonymous_2)
FN:74,(anonymous_3)
FN:75,(anonymous_4)
FN:81,(anonymous_5)
FN:88,(anonymous_6)
FN:95,(anonymous_7)
FN:114,(anonymous_8)
FN:132,(anonymous_9)
FN:150,(anonymous_10)
FN:164,(anonymous_11)
FN:179,(anonymous_12)
FN:185,(anonymous_13)
FN:198,(anonymous_14)
FN:204,(anonymous_15)
FN:214,(anonymous_16)
FN:240,(anonymous_17)
FN:247,(anonymous_18)
FN:257,(anonymous_19)
FN:262,(anonymous_20)
FN:265,(anonymous_21)
FN:282,(anonymous_22)
FN:292,(anonymous_23)
FN:299,(anonymous_24)
FN:306,(anonymous_25)
FNF:26
FNH:23
FNDA:19,(anonymous_0)
FNDA:25,(anonymous_1)
FNDA:3,(anonymous_2)
FNDA:8,(anonymous_3)
FNDA:7,(anonymous_4)
FNDA:11,(anonymous_5)
FNDA:3,(anonymous_6)
FNDA:4,(anonymous_7)
FNDA:2,(anonymous_8)
FNDA:2,(anonymous_9)
FNDA:9,(anonymous_10)
FNDA:1,(anonymous_11)
FNDA:1,(anonymous_12)
FNDA:1,(anonymous_13)
FNDA:1,(anonymous_14)
FNDA:1,(anonymous_15)
FNDA:6,(anonymous_16)
FNDA:25,(anonymous_17)
FNDA:25,(anonymous_18)
FNDA:19,(anonymous_19)
FNDA:0,(anonymous_20)
FNDA:0,(anonymous_21)
FNDA:40,(anonymous_22)
FNDA:1,(anonymous_23)
FNDA:49,(anonymous_24)
FNDA:0,(anonymous_25)
DA:2,2
DA:33,2
DA:34,19
DA:35,19
DA:37,19
DA:38,19
DA:39,19
DA:50,25
DA:61,25
DA:62,25
DA:64,25
DA:66,25
DA:73,3
DA:74,8
DA:75,7
DA:82,11
DA:89,3
DA:96,4
DA:97,4
DA:98,1
DA:101,3
DA:102,0
DA:105,3
DA:108,3
DA:115,2
DA:116,2
DA:117,2
DA:119,2
DA:120,1
DA:121,1
DA:124,2
DA:125,2
DA:133,2
DA:134,2
DA:135,2
DA:137,2
DA:138,1
DA:139,1
DA:142,2
DA:143,2
DA:151,9
DA:152,9
DA:153,0
DA:156,9
DA:157,9
DA:164,9
DA:165,9
DA:166,0
DA:168,9
DA:171,9
DA:172,9
DA:173,9
DA:180,1
DA:181,1
DA:182,0
DA:185,1
DA:186,1
DA:187,1
DA:189,1
DA:190,1
DA:191,1
DA:199,1
DA:200,1
DA:201,0
DA:204,1
DA:205,1
DA:206,1
DA:207,1
DA:215,6
DA:216,6
DA:217,2
DA:220,4
DA:222,1
DA:225,3
DA:230,0
DA:233,0
DA:241,25
DA:249,25
DA:250,25
DA:251,25
DA:258,19
DA:259,19
DA:260,19
DA:262,19
DA:264,0
DA:265,0
DA:266,0
DA:267,0
DA:270,0
DA:273,19
DA:275,0
DA:283,40
DA:284,40
DA:285,40
DA:287,0
DA:296,1
DA:303,49
DA:307,0
LF:98
LH:83
BRDA:89,0,0,1
BRDA:89,0,1,2
BRDA:97,1,0,1
BRDA:101,2,0,0
BRDA:116,3,0,2
BRDA:119,4,0,1
BRDA:134,5,0,2
BRDA:137,6,0,1
BRDA:152,7,0,0
BRDA:165,8,0,0
BRDA:165,8,1,9
BRDA:181,9,0,0
BRDA:186,10,0,1
BRDA:200,11,0,0
BRDA:205,12,0,1
BRDA:216,13,0,2
BRDA:216,14,0,6
BRDA:216,14,1,5
BRDA:220,15,0,1
BRDA:220,15,1,3
BRDA:220,15,2,0
BRDA:220,15,3,0
BRF:22
BRH:15
end_of_record
TN:
SF:src/network/reconnect-manager.ts
FN:14,(anonymous_0)
FN:21,(anonymous_1)
FN:58,(anonymous_2)
FN:71,(anonymous_3)
FN:85,(anonymous_4)
FN:99,(anonymous_5)
FNF:6
FNH:0
FNDA:0,(anonymous_0)
FNDA:0,(anonymous_1)
FNDA:0,(anonymous_2)
FNDA:0,(anonymous_3)
FNDA:0,(anonymous_4)
FNDA:0,(anonymous_5)
DA:8,1
DA:9,0
DA:11,0
DA:12,0
DA:14,0
DA:15,0
DA:22,0
DA:23,0
DA:26,0
DA:28,0
DA:29,0
DA:30,0
DA:32,0
DA:35,0
DA:36,0
DA:37,0
DA:40,0
DA:42,0
DA:44,0
DA:45,0
DA:46,0
DA:50,0
DA:55,0
DA:58,0
DA:59,0
DA:61,0
DA:65,0
DA:72,0
DA:73,0
DA:74,0
DA:76,0
DA:77,0
DA:78,0
DA:86,0
DA:87,0
DA:88,0
DA:90,0
DA:91,0
DA:92,0
DA:105,0
LF:40
LH:1
BRDA:22,0,0,0
BRDA:42,1,0,0
BRDA:46,2,0,0
BRDA:46,2,1,0
BRDA:76,3,0,0
BRDA:90,4,0,0
BRF:6
BRH:0
end_of_record
