TN:
SF:src/collaboration/conflict-resolver.ts
FN:21,(anonymous_0)
FN:39,(anonymous_1)
FN:48,(anonymous_2)
FN:74,(anonymous_3)
FN:97,(anonymous_4)
FN:104,(anonymous_5)
FN:124,(anonymous_6)
FN:146,(anonymous_7)
FN:162,(anonymous_8)
FN:185,(anonymous_9)
FN:211,(anonymous_10)
FNF:11
FNH:9
FNDA:605,(anonymous_0)
FNDA:3331,(anonymous_1)
FNDA:0,(anonymous_2)
FNDA:0,(anonymous_3)
FNDA:2,(anonymous_4)
FNDA:1,(anonymous_5)
FNDA:139605,(anonymous_6)
FNDA:122504,(anonymous_7)
FNDA:3329,(anonymous_8)
FNDA:2,(anonymous_9)
FNDA:3,(anonymous_10)
DA:6,2
DA:14,2
DA:15,2
DA:16,2
DA:25,605
DA:27,605
DA:28,134652
DA:29,11100
DA:33,605
DA:43,3331
DA:44,2
DA:48,3329
DA:50,3329
DA:53,3329
DA:54,3329
DA:58,3329
DA:59,3329
DA:64,0
DA:78,0
DA:80,0
DA:81,0
DA:82,0
DA:84,0
DA:85,0
DA:87,0
DA:91,0
DA:101,2
DA:104,2
DA:107,2
DA:109,2
DA:110,2
DA:111,2
DA:113,2
DA:114,2
DA:118,2
DA:129,139605
DA:130,17101
DA:134,122504
DA:135,122504
DA:136,0
DA:140,122504
DA:150,122504
DA:151,122504
DA:152,122504
DA:153,122504
DA:156,122504
DA:163,3329
DA:164,0
DA:167,3329
DA:168,0
DA:171,3329
DA:172,0
DA:175,3329
DA:176,0
DA:179,3329
DA:190,2
DA:191,2
DA:193,2
DA:195,1
DA:196,1
DA:198,1
DA:199,1
DA:201,0
DA:202,0
DA:205,2
DA:217,3
DA:218,3
DA:220,3
DA:221,103
DA:222,4953
DA:223,3328
DA:224,3328
DA:225,3328
DA:227,0
DA:233,3
DA:234,3
DA:236,3
LF:77
LH:60
BRDA:28,0,0,11100
BRDA:43,1,0,2
BRDA:58,2,0,3329
BRDA:58,2,1,0
BRDA:84,3,0,0
BRDA:84,3,1,0
BRDA:84,4,0,0
BRDA:84,4,1,0
BRDA:113,5,0,2
BRDA:113,6,0,2
BRDA:113,6,1,2
BRDA:129,7,0,17101
BRDA:135,8,0,0
BRDA:151,9,0,122504
BRDA:151,9,1,122504
BRDA:151,9,2,0
BRDA:153,10,0,122504
BRDA:153,10,1,122504
BRDA:153,10,2,0
BRDA:156,11,0,122504
BRDA:156,11,1,122490
BRDA:163,12,0,0
BRDA:167,13,0,0
BRDA:167,14,0,3329
BRDA:167,14,1,0
BRDA:167,14,2,0
BRDA:171,15,0,0
BRDA:171,16,0,3329
BRDA:171,16,1,3329
BRDA:175,17,0,0
BRDA:175,18,0,3329
BRDA:175,18,1,0
BRDA:175,18,2,0
BRDA:175,18,3,0
BRDA:193,19,0,1
BRDA:193,19,1,1
BRDA:193,19,2,0
BRDA:195,20,0,1
BRDA:195,20,1,0
BRDA:198,21,0,1
BRDA:198,21,1,0
BRDA:201,22,0,0
BRDA:201,22,1,0
BRDA:222,23,0,3328
BRDA:224,24,0,3328
BRDA:224,24,1,0
BRDA:234,25,0,2
BRDA:234,25,1,1
BRF:48
BRH:25
end_of_record
TN:
SF:src/collaboration/edit-operation.ts
FN:54,(anonymous_0)
FN:71,(anonymous_1)
FN:88,(anonymous_2)
FN:107,(anonymous_3)
FN:122,(anonymous_4)
FN:134,(anonymous_5)
FN:151,(anonymous_6)
FN:170,(anonymous_7)
FN:184,(anonymous_8)
FN:220,(anonymous_9)
FN:224,(anonymous_10)
FN:229,(anonymous_11)
FN:233,(anonymous_12)
FN:244,(anonymous_13)
FN:248,(anonymous_14)
FN:253,(anonymous_15)
FN:256,(anonymous_16)
FNF:17
FNH:16
FNDA:2731,(anonymous_0)
FNDA:7,(anonymous_1)
FNDA:2,(anonymous_2)
FNDA:0,(anonymous_3)
FNDA:2740,(anonymous_4)
FNDA:3340,(anonymous_5)
FNDA:3340,(anonymous_6)
FNDA:3337,(anonymous_7)
FNDA:2,(anonymous_8)
FNDA:6,(anonymous_9)
FNDA:2,(anonymous_10)
FNDA:3,(anonymous_11)
FNDA:2104,(anonymous_12)
FNDA:3,(anonymous_13)
FNDA:6,(anonymous_14)
FNDA:2000,(anonymous_15)
FNDA:2,(anonymous_16)
DA:53,2
DA:60,2731
DA:77,7
DA:95,2
DA:112,0
DA:123,2740
DA:130,2
DA:138,3340
DA:139,0
DA:143,3340
DA:144,3
DA:148,3337
DA:155,3340
DA:156,3340
DA:159,3340
DA:160,3
DA:162,3337
DA:163,2
DA:167,3335
DA:176,3337
DA:177,3335
DA:181,2
DA:188,2
DA:190,2
DA:192,1
DA:193,1
DA:195,1
DA:197,1
DA:199,1
DA:200,1
DA:202,1
DA:203,0
DA:205,0
DA:210,2
DA:220,2
DA:221,6
DA:222,6
DA:225,2
DA:226,2
DA:230,3
DA:234,2104
DA:235,2104
DA:236,2104
DA:239,2104
DA:240,2102
DA:245,3
DA:249,6
DA:250,6
DA:251,2004
DA:253,2000
DA:257,2
DA:258,2
LF:52
LH:48
BRDA:138,0,0,0
BRDA:143,1,0,3
BRDA:155,2,0,3337
BRDA:155,2,1,3
BRDA:155,3,0,3337
BRDA:155,3,1,0
BRDA:155,4,0,3
BRDA:155,4,1,0
BRDA:156,5,0,3336
BRDA:156,5,1,4
BRDA:156,6,0,3336
BRDA:156,6,1,0
BRDA:156,7,0,4
BRDA:156,7,1,0
BRDA:159,8,0,3
BRDA:159,9,0,3340
BRDA:159,9,1,4
BRDA:162,10,0,2
BRDA:162,11,0,3337
BRDA:162,11,1,2
BRDA:167,12,0,3335
BRDA:167,12,1,3333
BRDA:176,13,0,3335
BRDA:190,14,0,1
BRDA:190,14,1,1
BRDA:192,15,0,1
BRDA:193,16,0,1
BRDA:193,16,1,0
BRDA:195,17,0,1
BRDA:197,18,0,1
BRDA:197,18,1,0
BRDA:199,19,0,1
BRDA:200,20,0,1
BRDA:200,20,1,0
BRDA:202,21,0,1
BRDA:202,21,1,0
BRDA:203,22,0,0
BRDA:234,23,0,2104
BRDA:234,23,1,2104
BRDA:239,24,0,2102
BRDA:245,25,0,3
BRDA:245,25,1,0
BRF:42
BRH:31
end_of_record
TN:
SF:src/core/permission-manager.ts
FN:3,(anonymous_0)
FN:24,(anonymous_1)
FN:31,(anonymous_2)
FN:54,(anonymous_3)
FN:82,(anonymous_4)
FN:101,(anonymous_5)
FN:114,(anonymous_6)
FN:130,(anonymous_7)
FN:142,(anonymous_8)
FN:149,(anonymous_9)
FN:164,(anonymous_10)
FN:179,(anonymous_11)
FN:189,(anonymous_12)
FN:196,(anonymous_13)
FNF:14
FNH:14
FNDA:1,(anonymous_0)
FNDA:10,(anonymous_1)
FNDA:10,(anonymous_2)
FNDA:15,(anonymous_3)
FNDA:1,(anonymous_4)
FNDA:1,(anonymous_5)
FNDA:2,(anonymous_6)
FNDA:1,(anonymous_7)
FNDA:2,(anonymous_8)
FNDA:1,(anonymous_9)
FNDA:6,(anonymous_10)
FNDA:2,(anonymous_11)
FNDA:3,(anonymous_12)
FNDA:1,(anonymous_13)
DA:3,1
DA:4,1
DA:5,1
DA:6,1
DA:21,1
DA:22,10
DA:25,10
DA:33,10
DA:39,10
DA:45,10
DA:56,15
DA:57,3
DA:60,12
DA:61,12
DA:62,1
DA:66,11
DA:67,3
DA:71,8
DA:72,3
DA:73,3
DA:76,5
DA:83,1
DA:86,1
DA:87,0
DA:90,1
DA:91,1
DA:92,0
DA:96,1
DA:99,1
DA:100,1
DA:101,1
DA:102,1
DA:103,1
DA:108,1
DA:115,2
DA:116,2
DA:117,0
DA:120,2
DA:121,2
DA:124,2
DA:131,1
DA:132,1
DA:133,0
DA:136,1
DA:143,2
DA:150,1
DA:151,1
DA:152,0
DA:155,1
DA:166,6
DA:167,0
DA:170,6
DA:172,0
DA:175,3
DA:179,2
DA:182,1
DA:190,3
DA:197,1
LF:58
LH:51
BRDA:3,0,0,1
BRDA:3,0,1,1
BRDA:56,1,0,3
BRDA:61,2,0,1
BRDA:66,3,0,3
BRDA:71,4,0,3
BRDA:71,5,0,8
BRDA:71,5,1,4
BRDA:86,6,0,0
BRDA:91,7,0,0
BRDA:99,8,0,1
BRDA:99,9,0,1
BRDA:99,9,1,1
BRDA:102,10,0,1
BRDA:116,11,0,0
BRDA:120,12,0,2
BRDA:132,13,0,0
BRDA:132,14,0,1
BRDA:132,14,1,1
BRDA:151,15,0,0
BRDA:166,16,0,0
BRDA:170,17,0,0
BRDA:170,17,1,3
BRDA:170,17,2,2
BRDA:170,17,3,1
BRF:25
BRH:18
end_of_record
TN:
SF:src/core/room-manager.ts
FN:37,(anonymous_0)
FN:45,(anonymous_1)
FN:72,(anonymous_2)
FN:74,(anonymous_3)
FN:75,(anonymous_4)
FN:81,(anonymous_5)
FN:88,(anonymous_6)
FN:95,(anonymous_7)
FN:114,(anonymous_8)
FN:132,(anonymous_9)
FN:150,(anonymous_10)
FN:164,(anonymous_11)
FN:179,(anonymous_12)
FN:185,(anonymous_13)
FN:198,(anonymous_14)
FN:204,(anonymous_15)
FN:214,(anonymous_16)
FN:240,(anonymous_17)
FN:247,(anonymous_18)
FN:257,(anonymous_19)
FN:262,(anonymous_20)
FN:265,(anonymous_21)
FN:282,(anonymous_22)
FN:292,(anonymous_23)
FN:299,(anonymous_24)
FN:306,(anonymous_25)
FNF:26
FNH:22
FNDA:15,(anonymous_0)
FNDA:17,(anonymous_1)
FNDA:1,(anonymous_2)
FNDA:2,(anonymous_3)
FNDA:1,(anonymous_4)
FNDA:8,(anonymous_5)
FNDA:3,(anonymous_6)
FNDA:4,(anonymous_7)
FNDA:1,(anonymous_8)
FNDA:1,(anonymous_9)
FNDA:3,(anonymous_10)
FNDA:0,(anonymous_11)
FNDA:1,(anonymous_12)
FNDA:1,(anonymous_13)
FNDA:1,(anonymous_14)
FNDA:1,(anonymous_15)
FNDA:5,(anonymous_16)
FNDA:17,(anonymous_17)
FNDA:17,(anonymous_18)
FNDA:15,(anonymous_19)
FNDA:0,(anonymous_20)
FNDA:0,(anonymous_21)
FNDA:24,(anonymous_22)
FNDA:1,(anonymous_23)
FNDA:27,(anonymous_24)
FNDA:0,(anonymous_25)
DA:2,1
DA:33,1
DA:34,15
DA:35,15
DA:37,15
DA:38,15
DA:39,15
DA:50,17
DA:61,17
DA:62,17
DA:64,17
DA:66,17
DA:73,1
DA:74,2
DA:75,1
DA:82,8
DA:89,3
DA:96,4
DA:97,4
DA:98,1
DA:101,3
DA:102,0
DA:105,3
DA:108,3
DA:115,1
DA:116,1
DA:117,1
DA:119,1
DA:120,1
DA:121,1
DA:124,1
DA:125,1
DA:133,1
DA:134,1
DA:135,1
DA:137,1
DA:138,1
DA:139,1
DA:142,1
DA:143,1
DA:151,3
DA:152,3
DA:153,0
DA:156,3
DA:157,3
DA:164,3
DA:165,3
DA:166,0
DA:168,3
DA:171,3
DA:172,3
DA:173,3
DA:180,1
DA:181,1
DA:182,0
DA:185,1
DA:186,1
DA:187,1
DA:189,1
DA:190,1
DA:191,1
DA:199,1
DA:200,1
DA:201,0
DA:204,1
DA:205,1
DA:206,1
DA:207,1
DA:215,5
DA:216,5
DA:217,1
DA:220,4
DA:222,1
DA:225,3
DA:230,0
DA:233,0
DA:241,17
DA:249,17
DA:250,17
DA:251,17
DA:258,15
DA:259,15
DA:260,15
DA:262,15
DA:264,0
DA:265,0
DA:266,0
DA:267,0
DA:270,0
DA:273,15
DA:275,0
DA:283,24
DA:284,24
DA:285,24
DA:287,0
DA:296,1
DA:303,27
DA:307,0
LF:98
LH:83
BRDA:89,0,0,1
BRDA:89,0,1,2
BRDA:97,1,0,1
BRDA:101,2,0,0
BRDA:116,3,0,1
BRDA:119,4,0,1
BRDA:134,5,0,1
BRDA:137,6,0,1
BRDA:152,7,0,0
BRDA:165,8,0,0
BRDA:165,8,1,3
BRDA:181,9,0,0
BRDA:186,10,0,1
BRDA:200,11,0,0
BRDA:205,12,0,1
BRDA:216,13,0,1
BRDA:216,14,0,5
BRDA:216,14,1,4
BRDA:220,15,0,1
BRDA:220,15,1,3
BRDA:220,15,2,0
BRDA:220,15,3,0
BRF:22
BRH:15
end_of_record
TN:
SF:src/network/reconnect-manager.ts
FN:14,(anonymous_0)
FN:21,(anonymous_1)
FN:58,(anonymous_2)
FN:71,(anonymous_3)
FN:85,(anonymous_4)
FN:99,(anonymous_5)
FNF:6
FNH:6
FNDA:8,(anonymous_0)
FNDA:4,(anonymous_1)
FNDA:5,(anonymous_2)
FNDA:1,(anonymous_3)
FNDA:4,(anonymous_4)
FNDA:7,(anonymous_5)
DA:8,1
DA:9,8
DA:11,8
DA:12,8
DA:14,8
DA:15,8
DA:22,4
DA:23,0
DA:26,4
DA:28,4
DA:29,8
DA:30,8
DA:32,8
DA:35,2
DA:36,2
DA:37,2
DA:40,6
DA:42,6
DA:44,1
DA:45,1
DA:46,1
DA:50,5
DA:55,5
DA:58,5
DA:59,5
DA:61,4
DA:65,0
DA:72,1
DA:73,1
DA:74,1
DA:76,1
DA:77,0
DA:78,0
DA:86,4
DA:87,4
DA:88,4
DA:90,4
DA:91,0
DA:92,0
DA:105,7
LF:40
LH:34
BRDA:22,0,0,0
BRDA:42,1,0,1
BRDA:46,2,0,1
BRDA:46,2,1,0
BRDA:76,3,0,0
BRDA:90,4,0,0
BRF:6
BRH:2
end_of_record
